[handleMsg]:  {
  key: {
    remoteJid: '5217661025461@s.whatsapp.net',
    fromMe: false,
    id: '1D1B6A1C004C3C92FBE2F8DF33633DC0',
    participant: undefined
  },
  messageTimestamp: 1687545831,
  pushName: 'Juan1650',
  broadcast: false,
  message: Message {
    conversation: 'Hola',
    messageContextInfo: MessageContextInfo {
      deviceListMetadata: [DeviceListMetadata],
      deviceListMetadataVersion: 2
    }
  },
  body: 'Hola',
  from: '5217661025461'
}
[handleMsg]:  {
  key: {
    remoteJid: '5217661025461@s.whatsapp.net',
    fromMe: false,
    id: '19D76CBE543FFAF2F38DC4A92DB8D92B',
    participant: undefined
  },
  messageTimestamp: 1687545834,
  pushName: 'Juan1650',
  broadcast: false,
  message: Message {
    conversation: '3',
    messageContextInfo: MessageContextInfo {
      deviceListMetadata: [DeviceListMetadata],
      deviceListMetadataVersion: 2
    }
  },
  body: '3',
  from: '5217661025461'
}
[handleMsg]:  {
  key: {
    remoteJid: '5217661025461@s.whatsapp.net',
    fromMe: false,
    id: '64AE1DCE111A7AFE50AC3EDDC9F1145E',
    participant: undefined
  },
  messageTimestamp: 1687545836,
  pushName: 'Juan1650',
  broadcast: false,
  message: Message {
    conversation: '1',
    messageContextInfo: MessageContextInfo {
      deviceListMetadata: [DeviceListMetadata],
      deviceListMetadataVersion: 2
    }
  },
  body: '1',
  from: '5217661025461'
}
